TN:
SF:src\config\index.js
FNF:0
FNH:0
DA:1,6
DA:3,6
LF:2
LH:2
BRDA:4,0,0,6
BRDA:4,0,1,4
BRDA:5,1,0,6
BRDA:5,1,1,5
BRDA:6,2,0,6
BRDA:6,2,1,5
BRDA:7,3,0,6
BRDA:7,3,1,3
BRF:8
BRH:8
end_of_record
TN:
SF:src\config\rabbitmq.js
FN:8,(anonymous_0)
FN:16,(anonymous_1)
FN:21,(anonymous_2)
FN:32,(anonymous_3)
FN:40,(anonymous_4)
FN:42,(anonymous_5)
FN:43,(anonymous_6)
FN:44,(anonymous_7)
FNF:8
FNH:8
FNDA:9,(anonymous_0)
FNDA:1,(anonymous_1)
FNDA:1,(anonymous_2)
FNDA:3,(anonymous_3)
FNDA:3,(anonymous_4)
FNDA:3,(anonymous_5)
FNDA:2,(anonymous_6)
FNDA:2,(anonymous_7)
DA:1,2
DA:2,2
DA:3,2
DA:5,2
DA:6,2
DA:8,2
DA:9,9
DA:10,11
DA:11,11
DA:12,8
DA:13,8
DA:14,8
DA:16,8
DA:17,1
DA:18,1
DA:21,8
DA:22,1
DA:23,1
DA:24,1
DA:27,8
DA:28,8
DA:30,3
DA:31,3
DA:32,3
DA:36,1
DA:37,1
DA:40,3
DA:42,2
DA:43,3
DA:44,3
DA:45,3
DA:48,2
LF:32
LH:32
BRDA:8,0,0,6
BRDA:8,1,0,6
BRDA:43,2,0,3
BRDA:43,2,1,0
BRDA:44,3,0,3
BRDA:44,3,1,0
BRF:6
BRH:4
end_of_record
TN:
SF:src\services\notificationService.js
FN:5,(anonymous_0)
FN:14,(anonymous_1)
FNF:2
FNH:2
FNDA:5,(anonymous_0)
FNDA:3,(anonymous_1)
DA:1,1
DA:2,1
DA:3,1
DA:5,1
DA:6,5
DA:7,5
DA:8,1
DA:9,1
DA:12,4
DA:15,3
DA:17,2
DA:18,2
DA:19,1
DA:27,1
DA:29,1
DA:30,1
DA:36,4
DA:39,1
LF:18
LH:18
BRDA:7,0,0,1
BRDA:7,0,1,4
BRDA:15,1,0,1
BRDA:15,1,1,2
BRF:4
BRH:4
end_of_record
TN:
SF:src\utils\logger.js
FN:11,(anonymous_0)
FNF:1
FNH:1
FNDA:12,(anonymous_0)
DA:1,7
DA:2,7
DA:4,7
DA:12,12
DA:18,7
LF:5
LH:5
BRDA:5,0,0,2
BRDA:5,0,1,5
BRDA:7,1,0,5
BRDA:7,1,1,2
BRF:4
BRH:4
end_of_record
